<testsuites id="" name="" tests="6" failures="0" skipped="0" errors="0" time="32.68053">
<testsuite name="calendar-day-plus-button.spec.ts" timestamp="2025-08-08T02:01:01.417Z" hostname="chromium" tests="6" failures="0" skipped="0" time="7.906" errors="0">
<testcase name="Calendar Day Plus Button Functionality › Plus button appears on selected day and opens planning modal" classname="calendar-day-plus-button.spec.ts" time="2.213">
</testcase>
<testcase name="Calendar Day Plus Button Functionality › General Event option opens add event modal with pre-selected date" classname="calendar-day-plus-button.spec.ts" time="1.052">
</testcase>
<testcase name="Calendar Day Plus Button Functionality › Meal option opens meal planning modal with selected date" classname="calendar-day-plus-button.spec.ts" time="1.064">
</testcase>
<testcase name="Calendar Day Plus Button Functionality › Workout option navigates to fitness planner with selected date" classname="calendar-day-plus-button.spec.ts" time="1.057">
</testcase>
<testcase name="Calendar Day Plus Button Functionality › Plus button only appears on selected day" classname="calendar-day-plus-button.spec.ts" time="1.512">
</testcase>
<testcase name="Calendar Day Plus Button Functionality › Cancel button closes the modal" classname="calendar-day-plus-button.spec.ts" time="1.008">
</testcase>
</testsuite>
</testsuites>